#
# There is insufficient memory for the Java Runtime Environment to continue.
# Native memory allocation (malloc) failed to allocate 2345568 bytes for Chunk::new
# Possible reasons:
#   The system is out of physical RAM or swap space
#   The process is running with CompressedOops enabled, and the Java Heap may be blocking the growth of the native heap
# Possible solutions:
#   Reduce memory load on the system
#   Increase physical memory or swap space
#   Check if swap backing store is full
#   Decrease Java heap size (-Xmx/-Xms)
#   Decrease number of Java threads
#   Decrease Java thread stack sizes (-Xss)
#   Set larger code cache with -XX:ReservedCodeCacheSize=
#   JVM is running with Unscaled Compressed Oops mode in which the Java heap is
#     placed in the first 4GB address space. The Java Heap base address is the
#     maximum limit for the native heap growth. Please use -XX:HeapBaseMinAddress
#     to set the Java Heap base and to place the Java Heap above 4GB virtual address.
# This output file may be truncated or incomplete.
#
#  Out of Memory Error (arena.cpp:189), pid=15520, tid=9128
#
# JRE version: Java(TM) SE Runtime Environment (17.0.5+9) (build 17.0.5+9-LTS-191)
# Java VM: Java HotSpot(TM) 64-Bit Server VM (17.0.5+9-LTS-191, mixed mode, sharing, tiered, compressed oops, compressed class ptrs, g1 gc, windows-amd64)
# No core dump will be written. Minidumps are not enabled by default on client versions of Windows
#

---------------  S U M M A R Y ------------

Command Line: -Dmaven.multiModuleProjectDirectory=C:\Users\Admin\IdeaProjects\GymCRM -Djansi.passthrough=true -Dmaven.home=C:\Program Files\JetBrains\IntelliJ IDEA 2024.3\plugins\maven\lib\maven3 -Dclassworlds.conf=C:\Program Files\JetBrains\IntelliJ IDEA 2024.3\plugins\maven\lib\maven3\bin\m2.conf -Dmaven.ext.class.path=C:\Program Files\JetBrains\IntelliJ IDEA 2024.3\plugins\maven\lib\maven-event-listener.jar -javaagent:C:\Program Files\JetBrains\IntelliJ IDEA 2024.3\lib\idea_rt.jar=49999:C:\Program Files\JetBrains\IntelliJ IDEA 2024.3\bin -Dfile.encoding=UTF-8 org.codehaus.classworlds.Launcher -Didea.version=2024.3 clean install

Host: Intel(R) Core(TM) i5 CPU         750  @ 2.67GHz, 4 cores, 7G,  Windows 10 , 64 bit Build 19041 (10.0.19041.5198)
Time: Thu Jan 30 01:39:04 2025 Caucasus Standard Time elapsed time: 11.733027 seconds (0d 0h 0m 11s)

---------------  T H R E A D  ---------------

Current thread (0x0000017c9cd907a0):  JavaThread "C2 CompilerThread1" daemon [_thread_in_native, id=9128, stack(0x00000050edd00000,0x00000050ede00000)]


Current CompileTask:
C2:  11734 6231   !   4       com.sun.tools.javac.jvm.ClassReader::classSigToType (497 bytes)

Stack: [0x00000050edd00000,0x00000050ede00000]
Native frames: (J=compiled Java code, j=interpreted, Vv=VM code, C=native code)
V  [jvm.dll+0x672eea]
V  [jvm.dll+0x7d2a04]
V  [jvm.dll+0x7d41ae]
V  [jvm.dll+0x7d4813]
V  [jvm.dll+0x242c15]
V  [jvm.dll+0xaa57b]
V  [jvm.dll+0xaab0c]
V  [jvm.dll+0x35ff97]
V  [jvm.dll+0x32a631]
V  [jvm.dll+0x329ada]
V  [jvm.dll+0x215cc1]
V  [jvm.dll+0x2150e1]
V  [jvm.dll+0x1a18ed]
V  [jvm.dll+0x22493a]
V  [jvm.dll+0x222aa5]
V  [jvm.dll+0x7885db]
V  [jvm.dll+0x782b4a]
V  [jvm.dll+0x671d75]
C  [ucrtbase.dll+0x21bb2]
C  [KERNEL32.DLL+0x17374]
C  [ntdll.dll+0x4cc91]


---------------  P R O C E S S  ---------------

Threads class SMR info:
_java_thread_list=0x0000017c9ce7d880, length=15, elements={
0x0000017cfbc8dff0, 0x0000017cfedc9c70, 0x0000017cfedcb080, 0x0000017cfeddf840,
0x0000017cfede01f0, 0x0000017cfede0ba0, 0x0000017cfede1cf0, 0x0000017cfede6e10,
0x0000017cfedeb760, 0x0000017cfedfffe0, 0x0000017cff835590, 0x0000017cff8fdcf0,
0x0000017cff95b710, 0x0000017c9bdfe890, 0x0000017c9cd907a0
}

Java Threads: ( => current thread )
  0x0000017cfbc8dff0 JavaThread "main" [_thread_in_Java, id=2932, stack(0x00000050ec900000,0x00000050eca00000)]
  0x0000017cfedc9c70 JavaThread "Reference Handler" daemon [_thread_blocked, id=14148, stack(0x00000050ed000000,0x00000050ed100000)]
  0x0000017cfedcb080 JavaThread "Finalizer" daemon [_thread_blocked, id=8400, stack(0x00000050ed100000,0x00000050ed200000)]
  0x0000017cfeddf840 JavaThread "Signal Dispatcher" daemon [_thread_blocked, id=8560, stack(0x00000050ed200000,0x00000050ed300000)]
  0x0000017cfede01f0 JavaThread "Attach Listener" daemon [_thread_blocked, id=8372, stack(0x00000050ed300000,0x00000050ed400000)]
  0x0000017cfede0ba0 JavaThread "Service Thread" daemon [_thread_blocked, id=17300, stack(0x00000050ed400000,0x00000050ed500000)]
  0x0000017cfede1cf0 JavaThread "Monitor Deflation Thread" daemon [_thread_blocked, id=13732, stack(0x00000050ed500000,0x00000050ed600000)]
  0x0000017cfede6e10 JavaThread "C2 CompilerThread0" daemon [_thread_in_native, id=4360, stack(0x00000050ed600000,0x00000050ed700000)]
  0x0000017cfedeb760 JavaThread "C1 CompilerThread0" daemon [_thread_in_vm, id=10264, stack(0x00000050ed700000,0x00000050ed800000)]
  0x0000017cfedfffe0 JavaThread "Sweeper thread" daemon [_thread_blocked, id=7580, stack(0x00000050ed800000,0x00000050ed900000)]
  0x0000017cff835590 JavaThread "Common-Cleaner" daemon [_thread_blocked, id=9972, stack(0x00000050ed900000,0x00000050eda00000)]
  0x0000017cff8fdcf0 JavaThread "Monitor Ctrl-Break" daemon [_thread_in_native, id=5852, stack(0x00000050eda00000,0x00000050edb00000)]
  0x0000017cff95b710 JavaThread "Notification Thread" daemon [_thread_blocked, id=8144, stack(0x00000050edb00000,0x00000050edc00000)]
  0x0000017c9bdfe890 JavaThread "Thread-1" daemon [_thread_blocked, id=10608, stack(0x00000050ee200000,0x00000050ee300000)]
=>0x0000017c9cd907a0 JavaThread "C2 CompilerThread1" daemon [_thread_in_native, id=9128, stack(0x00000050edd00000,0x00000050ede00000)]

Other Threads:
  0x0000017cfedc35c0 VMThread "VM Thread" [stack: 0x00000050ecf00000,0x00000050ed000000] [id=3940]
  0x0000017cff95d0a0 WatcherThread [stack: 0x00000050edc00000,0x00000050edd00000] [id=10532]
  0x0000017cfbce83e0 GCTaskThread "GC Thread#0" [stack: 0x00000050eca00000,0x00000050ecb00000] [id=640]
  0x0000017c9afd0040 GCTaskThread "GC Thread#1" [stack: 0x00000050ede00000,0x00000050edf00000] [id=6664]
  0x0000017c9afd02f0 GCTaskThread "GC Thread#2" [stack: 0x00000050edf00000,0x00000050ee000000] [id=9208]
  0x0000017c9afdc490 GCTaskThread "GC Thread#3" [stack: 0x00000050ee000000,0x00000050ee100000] [id=15424]
  0x0000017cf9b7df30 ConcurrentGCThread "G1 Main Marker" [stack: 0x00000050ecb00000,0x00000050ecc00000] [id=8508]
  0x0000017cf9b7e840 ConcurrentGCThread "G1 Conc#0" [stack: 0x00000050ecc00000,0x00000050ecd00000] [id=16616]
  0x0000017cfec80090 ConcurrentGCThread "G1 Refine#0" [stack: 0x00000050ecd00000,0x00000050ece00000] [id=17136]
  0x0000017c9ae34d00 ConcurrentGCThread "G1 Refine#1" [stack: 0x00000050ee100000,0x00000050ee200000] [id=10928]
  0x0000017cfec809b0 ConcurrentGCThread "G1 Service" [stack: 0x00000050ece00000,0x00000050ecf00000] [id=1172]

Threads with active compile tasks:
C2 CompilerThread0    11801 6435       4       com.sun.tools.javac.code.Symbol::complete (30 bytes)
C2 CompilerThread1    11801 6231   !   4       com.sun.tools.javac.jvm.ClassReader::classSigToType (497 bytes)

VM state: not at safepoint (normal execution)

VM Mutex/Monitor currently owned by a thread: None

Heap address: 0x0000000080a00000, size: 2038 MB, Compressed Oops mode: 32-bit

CDS archive(s) mapped at: [0x0000000800000000-0x0000000800bd0000-0x0000000800bd0000), size 12386304, SharedBaseAddress: 0x0000000800000000, ArchiveRelocationMode: 0.
Compressed class space mapped at: 0x0000000800c00000-0x0000000840c00000, reserved size: 1073741824
Narrow klass base: 0x0000000800000000, Narrow klass shift: 0, Narrow klass range: 0x100000000

GC Precious Log:
 CPUs: 4 total, 4 available
 Memory: 8151M
 Large Page Support: Disabled
 NUMA Support: Disabled
 Compressed Oops: Enabled (32-bit)
 Heap Region Size: 1M
 Heap Min Capacity: 8M
 Heap Initial Capacity: 128M
 Heap Max Capacity: 2038M
 Pre-touch: Disabled
 Parallel Workers: 4
 Concurrent Workers: 1
 Concurrent Refinement Workers: 4
 Periodic GC: Disabled

Heap:
 garbage-first heap   total 159744K, used 59904K [0x0000000080a00000, 0x0000000100000000)
  region size 1024K, 12 young (12288K), 4 survivors (4096K)
 Metaspace       used 27197K, committed 27520K, reserved 1081344K
  class space    used 3081K, committed 3200K, reserved 1048576K

Heap Regions: E=young(eden), S=young(survivor), O=old, HS=humongous(starts), HC=humongous(continues), CS=collection set, F=free, OA=open archive, CA=closed archive, TAMS=top-at-mark-start (previous, next)
|   0|0x0000000080a00000, 0x0000000080b00000, 0x0000000080b00000|100%| O|  |TAMS 0x0000000080b00000, 0x0000000080a00000| Untracked 
|   1|0x0000000080b00000, 0x0000000080c00000, 0x0000000080c00000|100%| O|  |TAMS 0x0000000080c00000, 0x0000000080b00000| Untracked 
|   2|0x0000000080c00000, 0x0000000080d00000, 0x0000000080d00000|100%| O|  |TAMS 0x0000000080d00000, 0x0000000080c00000| Untracked 
|   3|0x0000000080d00000, 0x0000000080e00000, 0x0000000080e00000|100%| O|  |TAMS 0x0000000080e00000, 0x0000000080d00000| Untracked 
|   4|0x0000000080e00000, 0x0000000080f00000, 0x0000000080f00000|100%| O|  |TAMS 0x0000000080f00000, 0x0000000080e00000| Untracked 
|   5|0x0000000080f00000, 0x0000000081000000, 0x0000000081000000|100%| O|  |TAMS 0x0000000081000000, 0x0000000080f00000| Untracked 
|   6|0x0000000081000000, 0x0000000081100000, 0x0000000081100000|100%| O|  |TAMS 0x0000000081100000, 0x0000000081000000| Untracked 
|   7|0x0000000081100000, 0x0000000081200000, 0x0000000081200000|100%| O|  |TAMS 0x0000000081200000, 0x0000000081100000| Untracked 
|   8|0x0000000081200000, 0x0000000081300000, 0x0000000081300000|100%| O|  |TAMS 0x0000000081300000, 0x0000000081200000| Untracked 
|   9|0x0000000081300000, 0x0000000081400000, 0x0000000081400000|100%| O|  |TAMS 0x0000000081400000, 0x0000000081300000| Untracked 
|  10|0x0000000081400000, 0x0000000081500000, 0x0000000081500000|100%| O|  |TAMS 0x0000000081500000, 0x0000000081400000| Untracked 
|  11|0x0000000081500000, 0x0000000081600000, 0x0000000081600000|100%| O|  |TAMS 0x0000000081600000, 0x0000000081500000| Untracked 
|  12|0x0000000081600000, 0x0000000081700000, 0x0000000081700000|100%|HS|  |TAMS 0x0000000081700000, 0x0000000081600000| Complete 
|  13|0x0000000081700000, 0x0000000081800000, 0x0000000081800000|100%| O|  |TAMS 0x0000000081800000, 0x0000000081700000| Untracked 
|  14|0x0000000081800000, 0x0000000081900000, 0x0000000081900000|100%| O|  |TAMS 0x0000000081900000, 0x0000000081800000| Untracked 
|  15|0x0000000081900000, 0x0000000081a00000, 0x0000000081a00000|100%|HS|  |TAMS 0x0000000081a00000, 0x0000000081900000| Complete 
|  16|0x0000000081a00000, 0x0000000081b00000, 0x0000000081b00000|100%|HC|  |TAMS 0x0000000081b00000, 0x0000000081a00000| Complete 
|  17|0x0000000081b00000, 0x0000000081c00000, 0x0000000081c00000|100%|HS|  |TAMS 0x0000000081c00000, 0x0000000081b00000| Complete 
|  18|0x0000000081c00000, 0x0000000081d00000, 0x0000000081d00000|100%|HS|  |TAMS 0x0000000081d00000, 0x0000000081c00000| Complete 
|  19|0x0000000081d00000, 0x0000000081e00000, 0x0000000081e00000|100%|HS|  |TAMS 0x0000000081e00000, 0x0000000081d00000| Complete 
|  20|0x0000000081e00000, 0x0000000081f00000, 0x0000000081f00000|100%|HS|  |TAMS 0x0000000081f00000, 0x0000000081e00000| Complete 
|  21|0x0000000081f00000, 0x0000000082000000, 0x0000000082000000|100%| O|  |TAMS 0x0000000082000000, 0x0000000081f00000| Untracked 
|  22|0x0000000082000000, 0x0000000082100000, 0x0000000082100000|100%| O|  |TAMS 0x0000000082100000, 0x0000000082000000| Untracked 
|  23|0x0000000082100000, 0x0000000082200000, 0x0000000082200000|100%| O|  |TAMS 0x0000000082200000, 0x0000000082100000| Untracked 
|  24|0x0000000082200000, 0x0000000082300000, 0x0000000082300000|100%| O|  |TAMS 0x0000000082300000, 0x0000000082200000| Untracked 
|  25|0x0000000082300000, 0x0000000082400000, 0x0000000082400000|100%| O|  |TAMS 0x0000000082400000, 0x0000000082300000| Untracked 
|  26|0x0000000082400000, 0x0000000082500000, 0x0000000082500000|100%| O|  |TAMS 0x0000000082500000, 0x0000000082400000| Untracked 
|  27|0x0000000082500000, 0x0000000082600000, 0x0000000082600000|100%| O|  |TAMS 0x0000000082600000, 0x0000000082500000| Untracked 
|  28|0x0000000082600000, 0x0000000082700000, 0x0000000082700000|100%| O|  |TAMS 0x0000000082700000, 0x0000000082600000| Untracked 
|  29|0x0000000082700000, 0x0000000082800000, 0x0000000082800000|100%| O|  |TAMS 0x0000000082800000, 0x0000000082700000| Untracked 
|  30|0x0000000082800000, 0x0000000082900000, 0x0000000082900000|100%| O|  |TAMS 0x0000000082900000, 0x0000000082800000| Untracked 
|  31|0x0000000082900000, 0x0000000082a00000, 0x0000000082a00000|100%| O|  |TAMS 0x0000000082a00000, 0x0000000082900000| Untracked 
|  32|0x0000000082a00000, 0x0000000082b00000, 0x0000000082b00000|100%| O|  |TAMS 0x0000000082a00000, 0x0000000082a00000| Untracked 
|  33|0x0000000082b00000, 0x0000000082b80000, 0x0000000082c00000| 50%| O|  |TAMS 0x0000000082b00000, 0x0000000082b00000| Untracked 
|  34|0x0000000082c00000, 0x0000000082c00000, 0x0000000082d00000|  0%| F|  |TAMS 0x0000000082c00000, 0x0000000082c00000| Untracked 
|  35|0x0000000082d00000, 0x0000000082d00000, 0x0000000082e00000|  0%| F|  |TAMS 0x0000000082d00000, 0x0000000082d00000| Untracked 
|  36|0x0000000082e00000, 0x0000000082e00000, 0x0000000082f00000|  0%| F|  |TAMS 0x0000000082e00000, 0x0000000082e00000| Untracked 
|  37|0x0000000082f00000, 0x0000000082f00000, 0x0000000083000000|  0%| F|  |TAMS 0x0000000082f00000, 0x0000000082f00000| Untracked 
|  38|0x0000000083000000, 0x0000000083000000, 0x0000000083100000|  0%| F|  |TAMS 0x0000000083000000, 0x0000000083000000| Untracked 
|  39|0x0000000083100000, 0x0000000083200000, 0x0000000083200000|100%| O|  |TAMS 0x0000000083200000, 0x0000000083100000| Untracked 
|  40|0x0000000083200000, 0x0000000083300000, 0x0000000083300000|100%| O|  |TAMS 0x0000000083300000, 0x0000000083200000| Untracked 
|  41|0x0000000083300000, 0x0000000083400000, 0x0000000083400000|100%| O|  |TAMS 0x0000000083400000, 0x0000000083300000| Untracked 
|  42|0x0000000083400000, 0x0000000083500000, 0x0000000083500000|100%| O|  |TAMS 0x0000000083500000, 0x0000000083400000| Untracked 
|  43|0x0000000083500000, 0x0000000083600000, 0x0000000083600000|100%| O|  |TAMS 0x0000000083600000, 0x0000000083500000| Untracked 
|  44|0x0000000083600000, 0x0000000083600000, 0x0000000083700000|  0%| F|  |TAMS 0x0000000083600000, 0x0000000083600000| Untracked 
|  45|0x0000000083700000, 0x0000000083700000, 0x0000000083800000|  0%| F|  |TAMS 0x0000000083700000, 0x0000000083700000| Untracked 
|  46|0x0000000083800000, 0x0000000083800000, 0x0000000083900000|  0%| F|  |TAMS 0x0000000083800000, 0x0000000083800000| Untracked 
|  47|0x0000000083900000, 0x0000000083900000, 0x0000000083a00000|  0%| F|  |TAMS 0x0000000083900000, 0x0000000083900000| Untracked 
|  48|0x0000000083a00000, 0x0000000083a00000, 0x0000000083b00000|  0%| F|  |TAMS 0x0000000083a00000, 0x0000000083a00000| Untracked 
|  49|0x0000000083b00000, 0x0000000083b00000, 0x0000000083c00000|  0%| F|  |TAMS 0x0000000083b00000, 0x0000000083b00000| Untracked 
|  50|0x0000000083c00000, 0x0000000083c00000, 0x0000000083d00000|  0%| F|  |TAMS 0x0000000083c00000, 0x0000000083c00000| Untracked 
|  51|0x0000000083d00000, 0x0000000083d00000, 0x0000000083e00000|  0%| F|  |TAMS 0x0000000083d00000, 0x0000000083d00000| Untracked 
|  52|0x0000000083e00000, 0x0000000083e00000, 0x0000000083f00000|  0%| F|  |TAMS 0x0000000083e00000, 0x0000000083e00000| Untracked 
|  53|0x0000000083f00000, 0x0000000083f00000, 0x0000000084000000|  0%| F|  |TAMS 0x0000000083f00000, 0x0000000083f00000| Untracked 
|  54|0x0000000084000000, 0x0000000084000000, 0x0000000084100000|  0%| F|  |TAMS 0x0000000084000000, 0x0000000084000000| Untracked 
|  55|0x0000000084100000, 0x0000000084100000, 0x0000000084200000|  0%| F|  |TAMS 0x0000000084100000, 0x0000000084100000| Untracked 
|  56|0x0000000084200000, 0x0000000084200000, 0x0000000084300000|  0%| F|  |TAMS 0x0000000084200000, 0x0000000084200000| Untracked 
|  57|0x0000000084300000, 0x0000000084300000, 0x0000000084400000|  0%| F|  |TAMS 0x0000000084300000, 0x0000000084300000| Untracked 
|  58|0x0000000084400000, 0x0000000084400000, 0x0000000084500000|  0%| F|  |TAMS 0x0000000084400000, 0x0000000084400000| Untracked 
|  59|0x0000000084500000, 0x0000000084500000, 0x0000000084600000|  0%| F|  |TAMS 0x0000000084500000, 0x0000000084500000| Untracked 
|  60|0x0000000084600000, 0x0000000084600000, 0x0000000084700000|  0%| F|  |TAMS 0x0000000084600000, 0x0000000084600000| Untracked 
|  61|0x0000000084700000, 0x0000000084800000, 0x0000000084800000|100%| S|CS|TAMS 0x0000000084700000, 0x0000000084700000| Complete 
|  62|0x0000000084800000, 0x0000000084900000, 0x0000000084900000|100%| S|CS|TAMS 0x0000000084800000, 0x0000000084800000| Complete 
|  63|0x0000000084900000, 0x0000000084a00000, 0x0000000084a00000|100%| S|CS|TAMS 0x0000000084900000, 0x0000000084900000| Complete 
|  64|0x0000000084a00000, 0x0000000084b00000, 0x0000000084b00000|100%| S|CS|TAMS 0x0000000084a00000, 0x0000000084a00000| Complete 
|  65|0x0000000084b00000, 0x0000000084b00000, 0x0000000084c00000|  0%| F|  |TAMS 0x0000000084b00000, 0x0000000084b00000| Untracked 
|  66|0x0000000084c00000, 0x0000000084c00000, 0x0000000084d00000|  0%| F|  |TAMS 0x0000000084c00000, 0x0000000084c00000| Untracked 
|  67|0x0000000084d00000, 0x0000000084d00000, 0x0000000084e00000|  0%| F|  |TAMS 0x0000000084d00000, 0x0000000084d00000| Untracked 
|  68|0x0000000084e00000, 0x0000000084e00000, 0x0000000084f00000|  0%| F|  |TAMS 0x0000000084e00000, 0x0000000084e00000| Untracked 
|  69|0x0000000084f00000, 0x0000000084f00000, 0x0000000085000000|  0%| F|  |TAMS 0x0000000084f00000, 0x0000000084f00000| Untracked 
|  70|0x0000000085000000, 0x0000000085000000, 0x0000000085100000|  0%| F|  |TAMS 0x0000000085000000, 0x0000000085000000| Untracked 
|  71|0x0000000085100000, 0x0000000085100000, 0x0000000085200000|  0%| F|  |TAMS 0x0000000085100000, 0x0000000085100000| Untracked 
|  72|0x0000000085200000, 0x0000000085200000, 0x0000000085300000|  0%| F|  |TAMS 0x0000000085200000, 0x0000000085200000| Untracked 
|  73|0x0000000085300000, 0x0000000085300000, 0x0000000085400000|  0%| F|  |TAMS 0x0000000085300000, 0x0000000085300000| Untracked 
|  74|0x0000000085400000, 0x0000000085400000, 0x0000000085500000|  0%| F|  |TAMS 0x0000000085400000, 0x0000000085400000| Untracked 
|  75|0x0000000085500000, 0x0000000085500000, 0x0000000085600000|  0%| F|  |TAMS 0x0000000085500000, 0x0000000085500000| Untracked 
|  76|0x0000000085600000, 0x0000000085600000, 0x0000000085700000|  0%| F|  |TAMS 0x0000000085600000, 0x0000000085600000| Untracked 
|  77|0x0000000085700000, 0x0000000085700000, 0x0000000085800000|  0%| F|  |TAMS 0x0000000085700000, 0x0000000085700000| Untracked 
|  78|0x0000000085800000, 0x0000000085800000, 0x0000000085900000|  0%| F|  |TAMS 0x0000000085800000, 0x0000000085800000| Untracked 
|  79|0x0000000085900000, 0x0000000085900000, 0x0000000085a00000|  0%| F|  |TAMS 0x0000000085900000, 0x0000000085900000| Untracked 
|  80|0x0000000085a00000, 0x0000000085a00000, 0x0000000085b00000|  0%| F|  |TAMS 0x0000000085a00000, 0x0000000085a00000| Untracked 
|  81|0x0000000085b00000, 0x0000000085b00000, 0x0000000085c00000|  0%| F|  |TAMS 0x0000000085b00000, 0x0000000085b00000| Untracked 
|  82|0x0000000085c00000, 0x0000000085c00000, 0x0000000085d00000|  0%| F|  |TAMS 0x0000000085c00000, 0x0000000085c00000| Untracked 
|  83|0x0000000085d00000, 0x0000000085d00000, 0x0000000085e00000|  0%| F|  |TAMS 0x0000000085d00000, 0x0000000085d00000| Untracked 
|  84|0x0000000085e00000, 0x0000000085e00000, 0x0000000085f00000|  0%| F|  |TAMS 0x0000000085e00000, 0x0000000085e00000| Untracked 
|  85|0x0000000085f00000, 0x0000000085f00000, 0x0000000086000000|  0%| F|  |TAMS 0x0000000085f00000, 0x0000000085f00000| Untracked 
|  86|0x0000000086000000, 0x0000000086000000, 0x0000000086100000|  0%| F|  |TAMS 0x0000000086000000, 0x0000000086000000| Untracked 
|  87|0x0000000086100000, 0x0000000086100000, 0x0000000086200000|  0%| F|  |TAMS 0x0000000086100000, 0x0000000086100000| Untracked 
|  88|0x0000000086200000, 0x0000000086200000, 0x0000000086300000|  0%| F|  |TAMS 0x0000000086200000, 0x0000000086200000| Untracked 
|  89|0x0000000086300000, 0x0000000086300000, 0x0000000086400000|  0%| F|  |TAMS 0x0000000086300000, 0x0000000086300000| Untracked 
|  90|0x0000000086400000, 0x0000000086400000, 0x0000000086500000|  0%| F|  |TAMS 0x0000000086400000, 0x0000000086400000| Untracked 
|  91|0x0000000086500000, 0x0000000086500000, 0x0000000086600000|  0%| F|  |TAMS 0x0000000086500000, 0x0000000086500000| Untracked 
|  92|0x0000000086600000, 0x0000000086600000, 0x0000000086700000|  0%| F|  |TAMS 0x0000000086600000, 0x0000000086600000| Untracked 
|  93|0x0000000086700000, 0x0000000086700000, 0x0000000086800000|  0%| F|  |TAMS 0x0000000086700000, 0x0000000086700000| Untracked 
|  94|0x0000000086800000, 0x0000000086800000, 0x0000000086900000|  0%| F|  |TAMS 0x0000000086800000, 0x0000000086800000| Untracked 
|  95|0x0000000086900000, 0x0000000086900000, 0x0000000086a00000|  0%| F|  |TAMS 0x0000000086900000, 0x0000000086900000| Untracked 
|  96|0x0000000086a00000, 0x0000000086a00000, 0x0000000086b00000|  0%| F|  |TAMS 0x0000000086a00000, 0x0000000086a00000| Untracked 
|  97|0x0000000086b00000, 0x0000000086b00000, 0x0000000086c00000|  0%| F|  |TAMS 0x0000000086b00000, 0x0000000086b00000| Untracked 
|  98|0x0000000086c00000, 0x0000000086c00000, 0x0000000086d00000|  0%| F|  |TAMS 0x0000000086c00000, 0x0000000086c00000| Untracked 
|  99|0x0000000086d00000, 0x0000000086d00000, 0x0000000086e00000|  0%| F|  |TAMS 0x0000000086d00000, 0x0000000086d00000| Untracked 
| 100|0x0000000086e00000, 0x0000000086e00000, 0x0000000086f00000|  0%| F|  |TAMS 0x0000000086e00000, 0x0000000086e00000| Untracked 
| 101|0x0000000086f00000, 0x0000000086f00000, 0x0000000087000000|  0%| F|  |TAMS 0x0000000086f00000, 0x0000000086f00000| Untracked 
| 102|0x0000000087000000, 0x0000000087000000, 0x0000000087100000|  0%| F|  |TAMS 0x0000000087000000, 0x0000000087000000| Untracked 
| 103|0x0000000087100000, 0x0000000087100000, 0x0000000087200000|  0%| F|  |TAMS 0x0000000087100000, 0x0000000087100000| Untracked 
| 104|0x0000000087200000, 0x0000000087200000, 0x0000000087300000|  0%| F|  |TAMS 0x0000000087200000, 0x0000000087200000| Untracked 
| 105|0x0000000087300000, 0x0000000087300000, 0x0000000087400000|  0%| F|  |TAMS 0x0000000087300000, 0x0000000087300000| Untracked 
| 106|0x0000000087400000, 0x0000000087400000, 0x0000000087500000|  0%| F|  |TAMS 0x0000000087400000, 0x0000000087400000| Untracked 
| 107|0x0000000087500000, 0x0000000087500000, 0x0000000087600000|  0%| F|  |TAMS 0x0000000087500000, 0x0000000087500000| Untracked 
| 108|0x0000000087600000, 0x0000000087600000, 0x0000000087700000|  0%| F|  |TAMS 0x0000000087600000, 0x0000000087600000| Untracked 
| 109|0x0000000087700000, 0x0000000087700000, 0x0000000087800000|  0%| F|  |TAMS 0x0000000087700000, 0x0000000087700000| Untracked 
| 110|0x0000000087800000, 0x0000000087800000, 0x0000000087900000|  0%| F|  |TAMS 0x0000000087800000, 0x0000000087800000| Untracked 
| 111|0x0000000087900000, 0x0000000087900000, 0x0000000087a00000|  0%| F|  |TAMS 0x0000000087900000, 0x0000000087900000| Untracked 
| 112|0x0000000087a00000, 0x0000000087a00000, 0x0000000087b00000|  0%| F|  |TAMS 0x0000000087a00000, 0x0000000087a00000| Untracked 
| 113|0x0000000087b00000, 0x0000000087b00000, 0x0000000087c00000|  0%| F|  |TAMS 0x0000000087b00000, 0x0000000087b00000| Untracked 
| 114|0x0000000087c00000, 0x0000000087c00000, 0x0000000087d00000|  0%| F|  |TAMS 0x0000000087c00000, 0x0000000087c00000| Untracked 
| 115|0x0000000087d00000, 0x0000000087d00000, 0x0000000087e00000|  0%| F|  |TAMS 0x0000000087d00000, 0x0000000087d00000| Untracked 
| 116|0x0000000087e00000, 0x0000000087e00000, 0x0000000087f00000|  0%| F|  |TAMS 0x0000000087e00000, 0x0000000087e00000| Untracked 
| 117|0x0000000087f00000, 0x0000000087f00000, 0x0000000088000000|  0%| F|  |TAMS 0x0000000087f00000, 0x0000000087f00000| Untracked 
| 118|0x0000000088000000, 0x0000000088000000, 0x0000000088100000|  0%| F|  |TAMS 0x0000000088000000, 0x0000000088000000| Untracked 
| 119|0x0000000088100000, 0x0000000088100000, 0x0000000088200000|  0%| F|  |TAMS 0x0000000088100000, 0x0000000088100000| Untracked 
| 120|0x0000000088200000, 0x0000000088200000, 0x0000000088300000|  0%| F|  |TAMS 0x0000000088200000, 0x0000000088200000| Untracked 
| 121|0x0000000088300000, 0x0000000088300000, 0x0000000088400000|  0%| F|  |TAMS 0x0000000088300000, 0x0000000088300000| Untracked 
| 122|0x0000000088400000, 0x0000000088400000, 0x0000000088500000|  0%| F|  |TAMS 0x0000000088400000, 0x0000000088400000| Untracked 
| 123|0x0000000088500000, 0x0000000088500000, 0x0000000088600000|  0%| F|  |TAMS 0x0000000088500000, 0x0000000088500000| Untracked 
| 124|0x0000000088600000, 0x0000000088600000, 0x0000000088700000|  0%| F|  |TAMS 0x0000000088600000, 0x0000000088600000| Untracked 
| 125|0x0000000088700000, 0x0000000088700000, 0x0000000088800000|  0%| F|  |TAMS 0x0000000088700000, 0x0000000088700000| Untracked 
| 126|0x0000000088800000, 0x0000000088800000, 0x0000000088900000|  0%| F|  |TAMS 0x0000000088800000, 0x0000000088800000| Untracked 
| 127|0x0000000088900000, 0x0000000088900000, 0x0000000088a00000|  0%| F|  |TAMS 0x0000000088900000, 0x0000000088900000| Untracked 
| 128|0x0000000088a00000, 0x0000000088a00000, 0x0000000088b00000|  0%| F|  |TAMS 0x0000000088a00000, 0x0000000088a00000| Untracked 
| 129|0x0000000088b00000, 0x0000000088b00000, 0x0000000088c00000|  0%| F|  |TAMS 0x0000000088b00000, 0x0000000088b00000| Untracked 
| 130|0x0000000088c00000, 0x0000000088c00000, 0x0000000088d00000|  0%| F|  |TAMS 0x0000000088c00000, 0x0000000088c00000| Untracked 
| 131|0x0000000088d00000, 0x0000000088d00000, 0x0000000088e00000|  0%| F|  |TAMS 0x0000000088d00000, 0x0000000088d00000| Untracked 
| 132|0x0000000088e00000, 0x0000000088e00000, 0x0000000088f00000|  0%| F|  |TAMS 0x0000000088e00000, 0x0000000088e00000| Untracked 
| 133|0x0000000088f00000, 0x0000000088f00000, 0x0000000089000000|  0%| F|  |TAMS 0x0000000088f00000, 0x0000000088f00000| Untracked 
| 134|0x0000000089000000, 0x0000000089000000, 0x0000000089100000|  0%| F|  |TAMS 0x0000000089000000, 0x0000000089000000| Untracked 
| 135|0x0000000089100000, 0x0000000089100000, 0x0000000089200000|  0%| F|  |TAMS 0x0000000089100000, 0x0000000089100000| Untracked 
| 136|0x0000000089200000, 0x0000000089200000, 0x0000000089300000|  0%| F|  |TAMS 0x0000000089200000, 0x0000000089200000| Untracked 
| 137|0x0000000089300000, 0x0000000089300000, 0x0000000089400000|  0%| F|  |TAMS 0x0000000089300000, 0x0000000089300000| Untracked 
| 138|0x0000000089400000, 0x0000000089400000, 0x0000000089500000|  0%| F|  |TAMS 0x0000000089400000, 0x0000000089400000| Untracked 
| 139|0x0000000089500000, 0x0000000089580800, 0x0000000089600000| 50%| E|  |TAMS 0x0000000089500000, 0x0000000089500000| Complete 
| 140|0x0000000089600000, 0x0000000089700000, 0x0000000089700000|100%| E|CS|TAMS 0x0000000089600000, 0x0000000089600000| Complete 
| 141|0x0000000089700000, 0x0000000089800000, 0x0000000089800000|100%| E|CS|TAMS 0x0000000089700000, 0x0000000089700000| Complete 
| 142|0x0000000089800000, 0x0000000089900000, 0x0000000089900000|100%| E|CS|TAMS 0x0000000089800000, 0x0000000089800000| Complete 
| 143|0x0000000089900000, 0x0000000089a00000, 0x0000000089a00000|100%| E|CS|TAMS 0x0000000089900000, 0x0000000089900000| Complete 
| 144|0x0000000089a00000, 0x0000000089b00000, 0x0000000089b00000|100%| E|CS|TAMS 0x0000000089a00000, 0x0000000089a00000| Complete 
| 145|0x0000000089b00000, 0x0000000089c00000, 0x0000000089c00000|100%| E|CS|TAMS 0x0000000089b00000, 0x0000000089b00000| Complete 
| 146|0x0000000089c00000, 0x0000000089d00000, 0x0000000089d00000|100%| E|CS|TAMS 0x0000000089c00000, 0x0000000089c00000| Complete 
|2029|0x00000000ff700000, 0x00000000ff800000, 0x00000000ff800000|100%| O|  |TAMS 0x00000000ff800000, 0x00000000ff700000| Untracked 
|2030|0x00000000ff800000, 0x00000000ff900000, 0x00000000ff900000|100%| O|  |TAMS 0x00000000ff900000, 0x00000000ff800000| Untracked 
|2031|0x00000000ff900000, 0x00000000ffa00000, 0x00000000ffa00000|100%| O|  |TAMS 0x00000000ffa00000, 0x00000000ff900000| Untracked 
|2032|0x00000000ffa00000, 0x00000000ffb00000, 0x00000000ffb00000|100%| O|  |TAMS 0x00000000ffb00000, 0x00000000ffa00000| Untracked 
|2033|0x00000000ffb00000, 0x00000000ffc00000, 0x00000000ffc00000|100%| O|  |TAMS 0x00000000ffc00000, 0x00000000ffb00000| Untracked 
|2034|0x00000000ffc00000, 0x00000000ffd00000, 0x00000000ffd00000|100%| O|  |TAMS 0x00000000ffd00000, 0x00000000ffc00000| Untracked 
|2035|0x00000000ffd00000, 0x00000000ffe00000, 0x00000000ffe00000|100%| O|  |TAMS 0x00000000ffe00000, 0x00000000ffd00000| Untracked 
|2036|0x00000000ffe00000, 0x00000000fff00000, 0x00000000fff00000|100%| O|  |TAMS 0x00000000fff00000, 0x00000000ffe00000| Untracked 
|2037|0x00000000fff00000, 0x0000000100000000, 0x0000000100000000|100%| O|  |TAMS 0x0000000100000000, 0x00000000fff00000| Untracked 

Card table byte_map: [0x0000017cfc160000,0x0000017cfc560000] _byte_map_base: 0x0000017cfbd5b000

Marking Bits (Prev, Next): (CMBitMap*) 0x0000017cfbce88f0, (CMBitMap*) 0x0000017cfbce8930
 Prev Bits: [0x0000017cfc960000, 0x0000017cfe938000)
 Next Bits: [0x0000017c967a0000, 0x0000017c98778000)

Polling page: 0x0000017cf9e20000

Metaspace:

Usage:
  Non-class:     23.56 MB used.
      Class:      3.01 MB used.
       Both:     26.57 MB used.

Virtual space:
  Non-class space:       32.00 MB reserved,      23.75 MB ( 74%) committed,  4 nodes.
      Class space:        1.00 GB reserved,       3.12 MB ( <1%) committed,  1 nodes.
             Both:        1.03 GB reserved,      26.88 MB (  3%) committed. 

Chunk freelists:
   Non-Class:  3.45 MB
       Class:  800.00 KB
        Both:  4.23 MB

MaxMetaspaceSize: unlimited
CompressedClassSpaceSize: 1.00 GB
Initial GC threshold: 21.00 MB
Current GC threshold: 44.50 MB
CDS: on
MetaspaceReclaimPolicy: balanced
 - commit_granule_bytes: 65536.
 - commit_granule_words: 8192.
 - virtual_space_node_default_size: 1048576.
 - enlarge_chunks_in_place: 1.
 - new_chunks_are_fully_committed: 0.
 - uncommit_free_chunks: 1.
 - use_allocation_guard: 0.
 - handle_deallocations: 1.


Internal statistics:

num_allocs_failed_limit: 6.
num_arena_births: 172.
num_arena_deaths: 0.
num_vsnodes_births: 5.
num_vsnodes_deaths: 0.
num_space_committed: 430.
num_space_uncommitted: 0.
num_chunks_returned_to_freelist: 6.
num_chunks_taken_from_freelist: 1158.
num_chunk_merges: 6.
num_chunk_splits: 800.
num_chunks_enlarged: 626.
num_purges: 0.
num_inconsistent_stats: 0.

CodeHeap 'non-profiled nmethods': size=120000Kb used=3069Kb max_used=3069Kb free=116930Kb
 bounds [0x0000017c8f270000, 0x0000017c8f570000, 0x0000017c967a0000]
CodeHeap 'profiled nmethods': size=120000Kb used=12387Kb max_used=12387Kb free=107612Kb
 bounds [0x0000017c87d40000, 0x0000017c88960000, 0x0000017c8f270000]
CodeHeap 'non-nmethods': size=5760Kb used=1200Kb max_used=1260Kb free=4559Kb
 bounds [0x0000017c877a0000, 0x0000017c87a10000, 0x0000017c87d40000]
 total_blobs=6300 nmethods=5797 adapters=416
 compilation: enabled
              stopped_count=0, restarted_count=0
 full_count=0

Compilation events (20 events):
Event: 11.714 Thread 0x0000017cfedeb760 6506       2       com.sun.tools.javac.code.Scope$ScopeImpl$2::next (20 bytes)
Event: 11.714 Thread 0x0000017cfedeb760 nmethod 6506 0x0000017c88938290 code [0x0000017c88938460, 0x0000017c889386e8]
Event: 11.717 Thread 0x0000017cfedeb760 6507       2       com.sun.tools.javac.tree.TreeInfo::fullName (84 bytes)
Event: 11.718 Thread 0x0000017cfedeb760 nmethod 6507 0x0000017c88938890 code [0x0000017c88938aa0, 0x0000017c88938f38]
Event: 11.718 Thread 0x0000017cfedeb760 6508       2       com.sun.tools.javac.code.Scope$FilterImportScope$2::doLookup (20 bytes)
Event: 11.719 Thread 0x0000017cfedeb760 nmethod 6508 0x0000017c88939290 code [0x0000017c88939440, 0x0000017c889395b8]
Event: 11.719 Thread 0x0000017cfedeb760 6511       3       com.sun.tools.javac.code.Type$MethodType::<init> (25 bytes)
Event: 11.719 Thread 0x0000017cfedeb760 nmethod 6511 0x0000017c88939690 code [0x0000017c88939860, 0x0000017c88939cd8]
Event: 11.719 Thread 0x0000017cfedeb760 6509       2       com.sun.tools.javac.code.Scope$FilterImportScope$$Lambda$377/0x0000000800f29000::apply (10 bytes)
Event: 11.719 Thread 0x0000017cfedeb760 nmethod 6509 0x0000017c88939e10 code [0x0000017c88939fc0, 0x0000017c8893a148]
Event: 11.719 Thread 0x0000017cfedeb760 6512       2       com.sun.tools.javac.code.Scope$Entry::next (44 bytes)
Event: 11.719 Thread 0x0000017cfedeb760 nmethod 6512 0x0000017c8893a210 code [0x0000017c8893a3c0, 0x0000017c8893a578]
Event: 11.719 Thread 0x0000017cfedeb760 6510       2       com.sun.tools.javac.code.Type$JCVoidType::getTag (4 bytes)
Event: 11.719 Thread 0x0000017cfedeb760 nmethod 6510 0x0000017c8893a690 code [0x0000017c8893a820, 0x0000017c8893a938]
Event: 11.719 Thread 0x0000017cfedeb760 6513       2       com.sun.tools.javac.code.Scope$FilterImportScope$SymbolImporter::<init> (33 bytes)
Event: 11.720 Thread 0x0000017cfedeb760 nmethod 6513 0x0000017c8893aa10 code [0x0000017c8893abc0, 0x0000017c8893af38]
Event: 11.720 Thread 0x0000017cfedeb760 6514   !   2       com.sun.tools.javac.comp.Check::importAccessible (68 bytes)
Event: 11.720 Thread 0x0000017cfedeb760 nmethod 6514 0x0000017c8893b010 code [0x0000017c8893b1e0, 0x0000017c8893b4c8]
Event: 11.720 Thread 0x0000017cfedeb760 6515       2       com.sun.tools.javac.code.Scope::getSymbols (9 bytes)
Event: 11.721 Thread 0x0000017cfedeb760 nmethod 6515 0x0000017c8893b690 code [0x0000017c8893b820, 0x0000017c8893b948]

GC Heap History (18 events):
Event: 1.001 GC heap before
{Heap before GC invocations=0 (full 0):
 garbage-first heap   total 131072K, used 12288K [0x0000000080a00000, 0x0000000100000000)
  region size 1024K, 13 young (13312K), 0 survivors (0K)
 Metaspace       used 3703K, committed 3840K, reserved 1056768K
  class space    used 385K, committed 448K, reserved 1048576K
}
Event: 1.007 GC heap after
{Heap after GC invocations=1 (full 0):
 garbage-first heap   total 131072K, used 3286K [0x0000000080a00000, 0x0000000100000000)
  region size 1024K, 2 young (2048K), 2 survivors (2048K)
 Metaspace       used 3703K, committed 3840K, reserved 1056768K
  class space    used 385K, committed 448K, reserved 1048576K
}
Event: 1.337 GC heap before
{Heap before GC invocations=1 (full 0):
 garbage-first heap   total 131072K, used 13526K [0x0000000080a00000, 0x0000000100000000)
  region size 1024K, 13 young (13312K), 2 survivors (2048K)
 Metaspace       used 5813K, committed 5952K, reserved 1056768K
  class space    used 693K, committed 768K, reserved 1048576K
}
Event: 1.341 GC heap after
{Heap after GC invocations=2 (full 0):
 garbage-first heap   total 131072K, used 3951K [0x0000000080a00000, 0x0000000100000000)
  region size 1024K, 1 young (1024K), 1 survivors (1024K)
 Metaspace       used 5813K, committed 5952K, reserved 1056768K
  class space    used 693K, committed 768K, reserved 1048576K
}
Event: 2.032 GC heap before
{Heap before GC invocations=2 (full 0):
 garbage-first heap   total 131072K, used 33647K [0x0000000080a00000, 0x0000000100000000)
  region size 1024K, 30 young (30720K), 1 survivors (1024K)
 Metaspace       used 9555K, committed 9728K, reserved 1064960K
  class space    used 1147K, committed 1280K, reserved 1048576K
}
Event: 2.036 GC heap after
{Heap after GC invocations=3 (full 0):
 garbage-first heap   total 131072K, used 5138K [0x0000000080a00000, 0x0000000100000000)
  region size 1024K, 2 young (2048K), 2 survivors (2048K)
 Metaspace       used 9555K, committed 9728K, reserved 1064960K
  class space    used 1147K, committed 1280K, reserved 1048576K
}
Event: 4.301 GC heap before
{Heap before GC invocations=3 (full 0):
 garbage-first heap   total 131072K, used 80914K [0x0000000080a00000, 0x0000000100000000)
  region size 1024K, 76 young (77824K), 2 survivors (2048K)
 Metaspace       used 15966K, committed 16256K, reserved 1064960K
  class space    used 1888K, committed 2048K, reserved 1048576K
}
Event: 4.317 GC heap after
{Heap after GC invocations=4 (full 0):
 garbage-first heap   total 131072K, used 12708K [0x0000000080a00000, 0x0000000100000000)
  region size 1024K, 10 young (10240K), 10 survivors (10240K)
 Metaspace       used 15966K, committed 16256K, reserved 1064960K
  class space    used 1888K, committed 2048K, reserved 1048576K
}
Event: 6.040 GC heap before
{Heap before GC invocations=4 (full 0):
 garbage-first heap   total 131072K, used 80292K [0x0000000080a00000, 0x0000000100000000)
  region size 1024K, 76 young (77824K), 10 survivors (10240K)
 Metaspace       used 16523K, committed 16768K, reserved 1064960K
  class space    used 1895K, committed 2048K, reserved 1048576K
}
Event: 6.060 GC heap after
{Heap after GC invocations=5 (full 0):
 garbage-first heap   total 131072K, used 16337K [0x0000000080a00000, 0x0000000100000000)
  region size 1024K, 4 young (4096K), 4 survivors (4096K)
 Metaspace       used 16523K, committed 16768K, reserved 1064960K
  class space    used 1895K, committed 2048K, reserved 1048576K
}
Event: 8.961 GC heap before
{Heap before GC invocations=5 (full 0):
 garbage-first heap   total 131072K, used 72657K [0x0000000080a00000, 0x0000000100000000)
  region size 1024K, 56 young (57344K), 4 survivors (4096K)
 Metaspace       used 21281K, committed 21504K, reserved 1073152K
  class space    used 2462K, committed 2560K, reserved 1048576K
}
Event: 8.972 GC heap after
{Heap after GC invocations=6 (full 0):
 garbage-first heap   total 131072K, used 26523K [0x0000000080a00000, 0x0000000100000000)
  region size 1024K, 10 young (10240K), 10 survivors (10240K)
 Metaspace       used 21281K, committed 21504K, reserved 1073152K
  class space    used 2462K, committed 2560K, reserved 1048576K
}
Event: 10.871 GC heap before
{Heap before GC invocations=7 (full 0):
 garbage-first heap   total 96256K, used 75675K [0x0000000080a00000, 0x0000000100000000)
  region size 1024K, 55 young (56320K), 10 survivors (10240K)
 Metaspace       used 26135K, committed 26496K, reserved 1073152K
  class space    used 2991K, committed 3136K, reserved 1048576K
}
Event: 10.908 GC heap after
{Heap after GC invocations=8 (full 0):
 garbage-first heap   total 105472K, used 45718K [0x0000000080a00000, 0x0000000100000000)
  region size 1024K, 7 young (7168K), 7 survivors (7168K)
 Metaspace       used 26135K, committed 26496K, reserved 1073152K
  class space    used 2991K, committed 3136K, reserved 1048576K
}
Event: 10.955 GC heap before
{Heap before GC invocations=8 (full 0):
 garbage-first heap   total 105472K, used 46742K [0x0000000080a00000, 0x0000000100000000)
  region size 1024K, 8 young (8192K), 7 survivors (7168K)
 Metaspace       used 26136K, committed 26496K, reserved 1073152K
  class space    used 2991K, committed 3136K, reserved 1048576K
}
Event: 10.964 GC heap after
{Heap after GC invocations=9 (full 0):
 garbage-first heap   total 105472K, used 47104K [0x0000000080a00000, 0x0000000100000000)
  region size 1024K, 1 young (1024K), 1 survivors (1024K)
 Metaspace       used 26136K, committed 26496K, reserved 1073152K
  class space    used 2991K, committed 3136K, reserved 1048576K
}
Event: 11.583 GC heap before
{Heap before GC invocations=9 (full 0):
 garbage-first heap   total 105472K, used 76800K [0x0000000080a00000, 0x0000000100000000)
  region size 1024K, 29 young (29696K), 1 survivors (1024K)
 Metaspace       used 27031K, committed 27264K, reserved 1081344K
  class space    used 3065K, committed 3136K, reserved 1048576K
}
Event: 11.598 GC heap after
{Heap after GC invocations=10 (full 0):
 garbage-first heap   total 159744K, used 52736K [0x0000000080a00000, 0x0000000100000000)
  region size 1024K, 4 young (4096K), 4 survivors (4096K)
 Metaspace       used 27031K, committed 27264K, reserved 1081344K
  class space    used 3065K, committed 3136K, reserved 1048576K
}

Deoptimization events (20 events):
Event: 11.318 Thread 0x0000017cfbc8dff0 Uncommon trap: trap_request=0xffffff45 fr.pc=0x0000017c8f4415d8 relative=0x0000000000000818
Event: 11.318 Thread 0x0000017cfbc8dff0 Uncommon trap: reason=unstable_if action=reinterpret pc=0x0000017c8f4415d8 method=jdk.internal.jimage.ImageStringsReader.stringFromByteBuffer(Ljava/nio/ByteBuffer;I)Ljava/lang/String; @ 7 c2
Event: 11.318 Thread 0x0000017cfbc8dff0 DEOPT PACKING pc=0x0000017c8f4415d8 sp=0x00000050ec9fbfe0
Event: 11.318 Thread 0x0000017cfbc8dff0 DEOPT UNPACKING pc=0x0000017c877f239d sp=0x00000050ec9fbf30 mode 2
Event: 11.337 Thread 0x0000017cfbc8dff0 Uncommon trap: trap_request=0xffffff45 fr.pc=0x0000017c8f35e164 relative=0x00000000000009a4
Event: 11.337 Thread 0x0000017cfbc8dff0 Uncommon trap: reason=unstable_if action=reinterpret pc=0x0000017c8f35e164 method=com.sun.tools.javac.util.ArrayUtils.ensureCapacity([BI)[B @ 3 c2
Event: 11.337 Thread 0x0000017cfbc8dff0 DEOPT PACKING pc=0x0000017c8f35e164 sp=0x00000050ec9faf50
Event: 11.337 Thread 0x0000017cfbc8dff0 DEOPT UNPACKING pc=0x0000017c877f239d sp=0x00000050ec9fae78 mode 2
Event: 11.450 Thread 0x0000017cfbc8dff0 Uncommon trap: trap_request=0xffffff45 fr.pc=0x0000017c8f404648 relative=0x0000000000000048
Event: 11.450 Thread 0x0000017cfbc8dff0 Uncommon trap: reason=unstable_if action=reinterpret pc=0x0000017c8f404648 method=com.sun.tools.javac.util.ArrayUtils.ensureCapacity([BI)[B @ 3 c2
Event: 11.450 Thread 0x0000017cfbc8dff0 DEOPT PACKING pc=0x0000017c8f404648 sp=0x00000050ec9fbc40
Event: 11.450 Thread 0x0000017cfbc8dff0 DEOPT UNPACKING pc=0x0000017c877f239d sp=0x00000050ec9fbbb8 mode 2
Event: 11.542 Thread 0x0000017cfbc8dff0 Uncommon trap: trap_request=0xffffff45 fr.pc=0x0000017c8f2de830 relative=0x00000000000005f0
Event: 11.542 Thread 0x0000017cfbc8dff0 Uncommon trap: reason=unstable_if action=reinterpret pc=0x0000017c8f2de830 method=com.sun.tools.javac.file.BaseFileManager.getKind(Ljava/lang/String;)Ljavax/tools/JavaFileObject$Kind; @ 44 c2
Event: 11.542 Thread 0x0000017cfbc8dff0 DEOPT PACKING pc=0x0000017c8f2de830 sp=0x00000050ec9fc630
Event: 11.542 Thread 0x0000017cfbc8dff0 DEOPT UNPACKING pc=0x0000017c877f239d sp=0x00000050ec9fc5d8 mode 2
Event: 11.542 Thread 0x0000017cfbc8dff0 Uncommon trap: trap_request=0xffffff45 fr.pc=0x0000017c8f3c3dd8 relative=0x0000000000000618
Event: 11.542 Thread 0x0000017cfbc8dff0 Uncommon trap: reason=unstable_if action=reinterpret pc=0x0000017c8f3c3dd8 method=com.sun.tools.javac.file.BaseFileManager.getKind(Ljava/lang/String;)Ljavax/tools/JavaFileObject$Kind; @ 44 c2
Event: 11.542 Thread 0x0000017cfbc8dff0 DEOPT PACKING pc=0x0000017c8f3c3dd8 sp=0x00000050ec9fc950
Event: 11.542 Thread 0x0000017cfbc8dff0 DEOPT UNPACKING pc=0x0000017c877f239d sp=0x00000050ec9fc838 mode 2

Classes unloaded (0 events):
No events

Classes redefined (0 events):
No events

Internal exceptions (20 events):
Event: 11.682 Thread 0x0000017cfbc8dff0 Exception <a 'sun/nio/fs/WindowsException'{0x0000000089a1dae8}> (0x0000000089a1dae8) 
thrown [s\open\src\hotspot\share\prims\jni.cpp, line 516]
Event: 11.682 Thread 0x0000017cfbc8dff0 Exception <a 'sun/nio/fs/WindowsException'{0x0000000089a1dde8}> (0x0000000089a1dde8) 
thrown [s\open\src\hotspot\share\prims\jni.cpp, line 516]
Event: 11.682 Thread 0x0000017cfbc8dff0 Exception <a 'sun/nio/fs/WindowsException'{0x0000000089a1f298}> (0x0000000089a1f298) 
thrown [s\open\src\hotspot\share\prims\jni.cpp, line 516]
Event: 11.683 Thread 0x0000017cfbc8dff0 Exception <a 'sun/nio/fs/WindowsException'{0x0000000089a1f628}> (0x0000000089a1f628) 
thrown [s\open\src\hotspot\share\prims\jni.cpp, line 516]
Event: 11.709 Thread 0x0000017cfbc8dff0 Exception <a 'sun/nio/fs/WindowsException'{0x0000000089a9e230}> (0x0000000089a9e230) 
thrown [s\open\src\hotspot\share\prims\jni.cpp, line 516]
Event: 11.709 Thread 0x0000017cfbc8dff0 Exception <a 'sun/nio/fs/WindowsException'{0x0000000089a9e530}> (0x0000000089a9e530) 
thrown [s\open\src\hotspot\share\prims\jni.cpp, line 516]
Event: 11.709 Thread 0x0000017cfbc8dff0 Exception <a 'sun/nio/fs/WindowsException'{0x0000000089aa15f8}> (0x0000000089aa15f8) 
thrown [s\open\src\hotspot\share\prims\jni.cpp, line 516]
Event: 11.709 Thread 0x0000017cfbc8dff0 Exception <a 'sun/nio/fs/WindowsException'{0x0000000089aa18a8}> (0x0000000089aa18a8) 
thrown [s\open\src\hotspot\share\prims\jni.cpp, line 516]
Event: 11.710 Thread 0x0000017cfbc8dff0 Exception <a 'sun/nio/fs/WindowsException'{0x0000000089aa69d8}> (0x0000000089aa69d8) 
thrown [s\open\src\hotspot\share\prims\jni.cpp, line 516]
Event: 11.710 Thread 0x0000017cfbc8dff0 Exception <a 'sun/nio/fs/WindowsException'{0x0000000089aa6cd0}> (0x0000000089aa6cd0) 
thrown [s\open\src\hotspot\share\prims\jni.cpp, line 516]
Event: 11.710 Thread 0x0000017cfbc8dff0 Exception <a 'sun/nio/fs/WindowsException'{0x0000000089aa8178}> (0x0000000089aa8178) 
thrown [s\open\src\hotspot\share\prims\jni.cpp, line 516]
Event: 11.710 Thread 0x0000017cfbc8dff0 Exception <a 'sun/nio/fs/WindowsException'{0x0000000089aa84f8}> (0x0000000089aa84f8) 
thrown [s\open\src\hotspot\share\prims\jni.cpp, line 516]
Event: 11.710 Thread 0x0000017cfbc8dff0 Exception <a 'sun/nio/fs/WindowsException'{0x0000000089aaa448}> (0x0000000089aaa448) 
thrown [s\open\src\hotspot\share\prims\jni.cpp, line 516]
Event: 11.710 Thread 0x0000017cfbc8dff0 Exception <a 'sun/nio/fs/WindowsException'{0x0000000089aaa788}> (0x0000000089aaa788) 
thrown [s\open\src\hotspot\share\prims\jni.cpp, line 516]
Event: 11.711 Thread 0x0000017cfbc8dff0 Exception <a 'sun/nio/fs/WindowsException'{0x0000000089aaccd8}> (0x0000000089aaccd8) 
thrown [s\open\src\hotspot\share\prims\jni.cpp, line 516]
Event: 11.711 Thread 0x0000017cfbc8dff0 Exception <a 'sun/nio/fs/WindowsException'{0x0000000089aacfc8}> (0x0000000089aacfc8) 
thrown [s\open\src\hotspot\share\prims\jni.cpp, line 516]
Event: 11.711 Thread 0x0000017cfbc8dff0 Exception <a 'sun/nio/fs/WindowsException'{0x0000000089ab1378}> (0x0000000089ab1378) 
thrown [s\open\src\hotspot\share\prims\jni.cpp, line 516]
Event: 11.711 Thread 0x0000017cfbc8dff0 Exception <a 'sun/nio/fs/WindowsException'{0x0000000089ab16a8}> (0x0000000089ab16a8) 
thrown [s\open\src\hotspot\share\prims\jni.cpp, line 516]
Event: 11.711 Thread 0x0000017cfbc8dff0 Exception <a 'sun/nio/fs/WindowsException'{0x0000000089ab2b88}> (0x0000000089ab2b88) 
thrown [s\open\src\hotspot\share\prims\jni.cpp, line 516]
Event: 11.711 Thread 0x0000017cfbc8dff0 Exception <a 'sun/nio/fs/WindowsException'{0x0000000089ab2f48}> (0x0000000089ab2f48) 
thrown [s\open\src\hotspot\share\prims\jni.cpp, line 516]

VM Operations (20 events):
Event: 10.053 Executing VM operation: Cleanup
Event: 10.053 Executing VM operation: Cleanup done
Event: 10.871 Executing VM operation: G1CollectForAllocation
Event: 10.908 Executing VM operation: G1CollectForAllocation done
Event: 10.955 Executing VM operation: G1CollectForAllocation
Event: 10.964 Executing VM operation: G1CollectForAllocation done
Event: 11.008 Executing VM operation: HandshakeAllThreads
Event: 11.008 Executing VM operation: HandshakeAllThreads done
Event: 11.023 Executing VM operation: HandshakeAllThreads
Event: 11.023 Executing VM operation: HandshakeAllThreads done
Event: 11.286 Executing VM operation: HandshakeAllThreads
Event: 11.286 Executing VM operation: HandshakeAllThreads done
Event: 11.363 Executing VM operation: ICBufferFull
Event: 11.363 Executing VM operation: ICBufferFull done
Event: 11.363 Executing VM operation: HandshakeAllThreads
Event: 11.363 Executing VM operation: HandshakeAllThreads done
Event: 11.583 Executing VM operation: G1CollectForAllocation
Event: 11.598 Executing VM operation: G1CollectForAllocation done
Event: 11.683 Executing VM operation: G1Concurrent
Event: 11.689 Executing VM operation: G1Concurrent done

Events (20 events):
Event: 11.113 loading class java/util/function/BooleanSupplier
Event: 11.113 loading class java/util/function/BooleanSupplier done
Event: 11.137 loading class java/nio/file/SimpleFileVisitor
Event: 11.137 loading class java/nio/file/SimpleFileVisitor done
Event: 11.137 loading class java/nio/file/FileTreeWalker
Event: 11.147 loading class java/nio/file/FileTreeWalker done
Event: 11.147 loading class java/nio/file/FileTreeWalker$1
Event: 11.172 loading class java/nio/file/FileTreeWalker$1 done
Event: 11.172 loading class java/nio/file/FileTreeWalker$DirectoryNode
Event: 11.172 loading class java/nio/file/FileTreeWalker$DirectoryNode done
Event: 11.172 loading class java/nio/file/FileTreeWalker$Event
Event: 11.172 loading class java/nio/file/FileTreeWalker$Event done
Event: 11.172 loading class java/nio/file/FileTreeWalker$EventType
Event: 11.172 loading class java/nio/file/FileTreeWalker$EventType done
Event: 11.172 loading class java/nio/file/Files$3
Event: 11.172 loading class java/nio/file/Files$3 done
Event: 11.172 loading class java/nio/file/FileVisitResult
Event: 11.172 loading class java/nio/file/FileVisitResult done
Event: 11.286 loading class jdk/internal/jimage/ImageReader$LinkNode
Event: 11.286 loading class jdk/internal/jimage/ImageReader$LinkNode done


Dynamic libraries:
0x00007ff76d520000 - 0x00007ff76d530000 	D:\Program Files\Java\jdk-17.0.5\bin\java.exe
0x00007fff2fbb0000 - 0x00007fff2fda8000 	C:\Windows\SYSTEM32\ntdll.dll
0x00007fff2ef70000 - 0x00007fff2f032000 	C:\Windows\System32\KERNEL32.DLL
0x00007fff2d300000 - 0x00007fff2d5ff000 	C:\Windows\System32\KERNELBASE.dll
0x00007fff2d9d0000 - 0x00007fff2dad0000 	C:\Windows\System32\ucrtbase.dll
0x00007ffee28d0000 - 0x00007ffee28e8000 	D:\Program Files\Java\jdk-17.0.5\bin\jli.dll
0x00007fff1a1e0000 - 0x00007fff1a1fa000 	D:\Program Files\Java\jdk-17.0.5\bin\VCRUNTIME140.dll
0x00007fff2f1f0000 - 0x00007fff2f2a1000 	C:\Windows\System32\ADVAPI32.dll
0x00007fff2f150000 - 0x00007fff2f1ee000 	C:\Windows\System32\msvcrt.dll
0x00007fff2eb50000 - 0x00007fff2ebef000 	C:\Windows\System32\sechost.dll
0x00007fff2dc50000 - 0x00007fff2dd73000 	C:\Windows\System32\RPCRT4.dll
0x00007fff2db00000 - 0x00007fff2db27000 	C:\Windows\System32\bcrypt.dll
0x00007fff2ebf0000 - 0x00007fff2ed8d000 	C:\Windows\System32\USER32.dll
0x00007fff2dad0000 - 0x00007fff2daf2000 	C:\Windows\System32\win32u.dll
0x00007fff2dbc0000 - 0x00007fff2dbeb000 	C:\Windows\System32\GDI32.dll
0x00007fff2d600000 - 0x00007fff2d717000 	C:\Windows\System32\gdi32full.dll
0x00007fff2d930000 - 0x00007fff2d9cd000 	C:\Windows\System32\msvcp_win.dll
0x00007fff262d0000 - 0x00007fff2656a000 	C:\Windows\WinSxS\amd64_microsoft.windows.common-controls_6595b64144ccf1df_6.0.19041.4355_none_60b8b9eb71f62e16\COMCTL32.dll
0x00007fff26660000 - 0x00007fff2666a000 	C:\Windows\SYSTEM32\VERSION.dll
0x00007fff2f100000 - 0x00007fff2f12f000 	C:\Windows\System32\IMM32.DLL
0x00007fff177f0000 - 0x00007fff177fc000 	D:\Program Files\Java\jdk-17.0.5\bin\vcruntime140_1.dll
0x00007ffee2680000 - 0x00007ffee270d000 	D:\Program Files\Java\jdk-17.0.5\bin\msvcp140.dll
0x00007ffed83c0000 - 0x00007ffed8f82000 	D:\Program Files\Java\jdk-17.0.5\bin\server\jvm.dll
0x00007fff2f040000 - 0x00007fff2f048000 	C:\Windows\System32\PSAPI.DLL
0x00007fff17450000 - 0x00007fff17459000 	C:\Windows\SYSTEM32\WSOCK32.dll
0x00007fff26630000 - 0x00007fff26657000 	C:\Windows\SYSTEM32\WINMM.dll
0x00007fff2eae0000 - 0x00007fff2eb4b000 	C:\Windows\System32\WS2_32.dll
0x00007fff2b0e0000 - 0x00007fff2b0f2000 	C:\Windows\SYSTEM32\kernel.appcore.dll
0x00007fff13140000 - 0x00007fff1314a000 	D:\Program Files\Java\jdk-17.0.5\bin\jimage.dll
0x00007fff1dea0000 - 0x00007fff1e084000 	C:\Windows\SYSTEM32\DBGHELP.DLL
0x00007fff1d560000 - 0x00007fff1d594000 	C:\Windows\SYSTEM32\dbgcore.DLL
0x00007fff2db30000 - 0x00007fff2dbb2000 	C:\Windows\System32\bcryptPrimitives.dll
0x00007fff29610000 - 0x00007fff2961e000 	D:\Program Files\Java\jdk-17.0.5\bin\instrument.dll
0x00007ffed7d80000 - 0x00007ffed7da5000 	D:\Program Files\Java\jdk-17.0.5\bin\java.dll
0x00007ffed7ca0000 - 0x00007ffed7d76000 	D:\Program Files\Java\jdk-17.0.5\bin\jsvml.dll
0x00007fff2f320000 - 0x00007fff2fa8e000 	C:\Windows\System32\SHELL32.dll
0x00007fff2b2e0000 - 0x00007fff2ba84000 	C:\Windows\SYSTEM32\windows.storage.dll
0x00007fff2e150000 - 0x00007fff2e4a5000 	C:\Windows\System32\combase.dll
0x00007fff2cba0000 - 0x00007fff2cbcf000 	C:\Windows\SYSTEM32\Wldp.dll
0x00007fff2e080000 - 0x00007fff2e14d000 	C:\Windows\System32\OLEAUT32.dll
0x00007fff2f050000 - 0x00007fff2f0fd000 	C:\Windows\System32\SHCORE.dll
0x00007fff2f2b0000 - 0x00007fff2f305000 	C:\Windows\System32\shlwapi.dll
0x00007fff2d170000 - 0x00007fff2d194000 	C:\Windows\SYSTEM32\profapi.dll
0x00007ffee1160000 - 0x00007ffee1178000 	D:\Program Files\Java\jdk-17.0.5\bin\zip.dll
0x00007ffed7490000 - 0x00007ffed74a9000 	D:\Program Files\Java\jdk-17.0.5\bin\net.dll
0x00007fff26b50000 - 0x00007fff26c5d000 	C:\Windows\SYSTEM32\WINHTTP.dll
0x00007fff2c900000 - 0x00007fff2c96a000 	C:\Windows\system32\mswsock.dll
0x00007ffed7470000 - 0x00007ffed7486000 	D:\Program Files\Java\jdk-17.0.5\bin\nio.dll
0x00007fff20550000 - 0x00007fff2056a000 	C:\Program Files\JetBrains\IntelliJ IDEA 2024.3\bin\breakgen64.dll
0x00007fff17320000 - 0x00007fff17344000 	C:\Users\Admin\AppData\Local\Temp\jansi-2.4.1-3600b5c2d2015d6a-jansi.dll
0x00007fff0fa10000 - 0x00007fff0fa20000 	D:\Program Files\Java\jdk-17.0.5\bin\verify.dll
0x00007fff2c470000 - 0x00007fff2c4a3000 	C:\Windows\SYSTEM32\ntmarta.dll

dbghelp: loaded successfully - version: 4.0.5 - missing functions: none
symbol engine: initialized successfully - sym options: 0x614 - pdb path: .;D:\Program Files\Java\jdk-17.0.5\bin;C:\Windows\SYSTEM32;C:\Windows\WinSxS\amd64_microsoft.windows.common-controls_6595b64144ccf1df_6.0.19041.4355_none_60b8b9eb71f62e16;D:\Program Files\Java\jdk-17.0.5\bin\server;C:\Program Files\JetBrains\IntelliJ IDEA 2024.3\bin;C:\Users\Admin\AppData\Local\Temp

VM Arguments:
jvm_args: -Dmaven.multiModuleProjectDirectory=C:\Users\Admin\IdeaProjects\GymCRM -Djansi.passthrough=true -Dmaven.home=C:\Program Files\JetBrains\IntelliJ IDEA 2024.3\plugins\maven\lib\maven3 -Dclassworlds.conf=C:\Program Files\JetBrains\IntelliJ IDEA 2024.3\plugins\maven\lib\maven3\bin\m2.conf -Dmaven.ext.class.path=C:\Program Files\JetBrains\IntelliJ IDEA 2024.3\plugins\maven\lib\maven-event-listener.jar -javaagent:C:\Program Files\JetBrains\IntelliJ IDEA 2024.3\lib\idea_rt.jar=49999:C:\Program Files\JetBrains\IntelliJ IDEA 2024.3\bin -Dfile.encoding=UTF-8 
java_command: org.codehaus.classworlds.Launcher -Didea.version=2024.3 clean install
java_class_path (initial): C:\Program Files\JetBrains\IntelliJ IDEA 2024.3\plugins\maven\lib\maven3\boot\plexus-classworlds-2.8.0.jar;C:\Program Files\JetBrains\IntelliJ IDEA 2024.3\plugins\maven\lib\maven3\boot\plexus-classworlds.license
Launcher Type: SUN_STANDARD

[Global flags]
     intx CICompilerCount                          = 3                                         {product} {ergonomic}
     uint ConcGCThreads                            = 1                                         {product} {ergonomic}
     uint G1ConcRefinementThreads                  = 4                                         {product} {ergonomic}
   size_t G1HeapRegionSize                         = 1048576                                   {product} {ergonomic}
    uintx GCDrainStackTargetSize                   = 64                                        {product} {ergonomic}
   size_t InitialHeapSize                          = 134217728                                 {product} {ergonomic}
   size_t MarkStackSize                            = 4194304                                   {product} {ergonomic}
   size_t MaxHeapSize                              = 2136997888                                {product} {ergonomic}
   size_t MaxNewSize                               = 1281359872                                {product} {ergonomic}
   size_t MinHeapDeltaBytes                        = 1048576                                   {product} {ergonomic}
   size_t MinHeapSize                              = 8388608                                   {product} {ergonomic}
    uintx NonNMethodCodeHeapSize                   = 5832780                                {pd product} {ergonomic}
    uintx NonProfiledCodeHeapSize                  = 122912730                              {pd product} {ergonomic}
    uintx ProfiledCodeHeapSize                     = 122912730                              {pd product} {ergonomic}
    uintx ReservedCodeCacheSize                    = 251658240                              {pd product} {ergonomic}
     bool SegmentedCodeCache                       = true                                      {product} {ergonomic}
   size_t SoftMaxHeapSize                          = 2136997888                             {manageable} {ergonomic}
     bool UseCompressedClassPointers               = true                           {product lp64_product} {ergonomic}
     bool UseCompressedOops                        = true                           {product lp64_product} {ergonomic}
     bool UseG1GC                                  = true                                      {product} {ergonomic}
     bool UseLargePagesIndividualAllocation        = false                                  {pd product} {ergonomic}

Logging:
Log output configuration:
 #0: stdout all=warning uptime,level,tags
 #1: stderr all=off uptime,level,tags

Environment Variables:
PATH=C:\Windows\system32;C:\Windows;C:\Windows\System32\Wbem;C:\Windows\System32\WindowsPowerShell\v1.0\;C:\Windows\System32\OpenSSH\;C:\Program Files\Git\cmd;C:\Program Files\Git\bin;C:\Program Files\Vim\vim91;C:\Program Files\Vim;C:\Program Files\MySQL\MySQL Shell 8.0\bin\;C:\Users\Admin\AppData\Local\Microsoft\WindowsApps;
USERNAME=Admin
OS=Windows_NT
PROCESSOR_IDENTIFIER=Intel64 Family 6 Model 30 Stepping 5, GenuineIntel



---------------  S Y S T E M  ---------------

OS:
 Windows 10 , 64 bit Build 19041 (10.0.19041.5198)
OS uptime: 12 days 1:15 hours

CPU: total 4 (initial active 4) (4 cores per cpu, 1 threads per core) family 6 model 30 stepping 5 microcode 0xa, cx8, cmov, fxsr, mmx, sse, sse2, sse3, ssse3, sse4.1, sse4.2, popcnt, tsc, tscinvbit, clflush

Memory: 4k page, system-wide physical 8151M (915M free)
TotalPageFile size 32727M (AvailPageFile size 5M)
current process WorkingSet (physical memory assigned to process): 243M, peak: 243M
current process commit charge ("private bytes"): 321M, peak: 322M

vm_info: Java HotSpot(TM) 64-Bit Server VM (17.0.5+9-LTS-191) for windows-amd64 JRE (17.0.5+9-LTS-191), built on Sep 13 2022 17:31:43 by "mach5one" with MS VC++ 16.8 / 16.9 (VS2019)

END.
